This is pdfTeX, Version 3.141592653-2.6-1.40.24 (TeX Live 2022) (preloaded format=pdflatex 2022.8.14)  3 SEP 2022 22:17
entering extended mode
 \write18 enabled.
 %&-line parsing enabled.
**200042102_L2.tex
(./200042102_L2.tex
LaTeX2e <2022-06-01> patch level 5
L3 programming layer <2022-08-05>
(f:/Installation folder/texlive/2022/texmf-dist/tex/latex/base/article.cls
Document Class: article 2021/10/04 v1.4n Standard LaTeX document class
(f:/Installation folder/texlive/2022/texmf-dist/tex/latex/base/size12.clo
File: size12.clo 2021/10/04 v1.4n Standard LaTeX file (size option)
)
\c@part=\count185
\c@section=\count186
\c@subsection=\count187
\c@subsubsection=\count188
\c@paragraph=\count189
\c@subparagraph=\count190
\c@figure=\count191
\c@table=\count192
\abovecaptionskip=\skip47
\belowcaptionskip=\skip48
\bibindent=\dimen138
)
(f:/Installation folder/texlive/2022/texmf-dist/tex/latex/base/inputenc.sty
Package: inputenc 2021/02/14 v1.3d Input encoding file
\inpenc@prehook=\toks16
\inpenc@posthook=\toks17
)
(f:/Installation folder/texlive/2022/texmf-dist/tex/latex/minted/minted.sty
Package: minted 2021/12/24 v2.6 Yet another Pygments shim for LaTeX

(f:/Installation folder/texlive/2022/texmf-dist/tex/latex/graphics/keyval.sty
Package: keyval 2022/05/29 v1.15 key=value parser (DPC)
\KV@toks@=\toks18
)
(f:/Installation folder/texlive/2022/texmf-dist/tex/latex/kvoptions/kvoptions.s
ty
Package: kvoptions 2022-06-15 v3.15 Key value format for package options (HO)

(f:/Installation folder/texlive/2022/texmf-dist/tex/generic/ltxcmds/ltxcmds.sty
Package: ltxcmds 2020-05-10 v1.25 LaTeX kernel commands for general use (HO)
)
(f:/Installation folder/texlive/2022/texmf-dist/tex/generic/kvsetkeys/kvsetkeys
.sty
Package: kvsetkeys 2019/12/15 v1.18 Key value parser (HO)
))
(f:/Installation folder/texlive/2022/texmf-dist/tex/latex/fvextra/fvextra.sty
Package: fvextra 2019/02/04 v1.4 fvextra - extensions and patches for fancyvrb

(f:/Installation folder/texlive/2022/texmf-dist/tex/latex/base/ifthen.sty
Package: ifthen 2022/04/13 v1.1d Standard LaTeX ifthen package (DPC)
)
(f:/Installation folder/texlive/2022/texmf-dist/tex/latex/etoolbox/etoolbox.sty
Package: etoolbox 2020/10/05 v2.5k e-TeX tools for LaTeX (JAW)
\etb@tempcnta=\count193
)
(f:/Installation folder/texlive/2022/texmf-dist/tex/latex/fancyvrb/fancyvrb.sty
Package: fancyvrb 2022/06/06 4.5 verbatim text (tvz,hv)
\FV@CodeLineNo=\count194
\FV@InFile=\read2
\FV@TabBox=\box51
\c@FancyVerbLine=\count195
\FV@StepNumber=\count196
\FV@OutFile=\write3
) (f:/Installation folder/texlive/2022/texmf-dist/tex/latex/upquote/upquote.sty
Package: upquote 2012/04/19 v1.3 upright-quote and grave-accent glyphs in verba
tim
) (f:/Installation folder/texlive/2022/texmf-dist/tex/latex/lineno/lineno.sty
Package: lineno 2005/11/02 line numbers on paragraphs v4.41
\linenopenalty=\count197
\output=\toks19
\linenoprevgraf=\count198
\linenumbersep=\dimen139
\linenumberwidth=\dimen140
\c@linenumber=\count199
\c@pagewiselinenumber=\count266
\c@LN@truepage=\count267
\c@internallinenumber=\count268
\c@internallinenumbers=\count269
\quotelinenumbersep=\dimen141
\bframerule=\dimen142
\bframesep=\dimen143
\bframebox=\box52
LaTeX Info: Redefining \\ on input line 3056.
)
\c@FV@TrueTabGroupLevel=\count270
\c@FV@TrueTabCounter=\count271
\FV@TabBox@Group=\box53
\FV@TmpLength=\skip49
\c@FV@HighlightLinesStart=\count272
\c@FV@HighlightLinesStop=\count273
\FV@LoopCount=\count274
\FV@NCharsBox=\box54
\FV@BreakIndent=\dimen144
\FV@BreakIndentNChars=\count275
\FV@BreakSymbolSepLeft=\dimen145
\FV@BreakSymbolSepLeftNChars=\count276
\FV@BreakSymbolSepRight=\dimen146
\FV@BreakSymbolSepRightNChars=\count277
\FV@BreakSymbolIndentLeft=\dimen147
\FV@BreakSymbolIndentLeftNChars=\count278
\FV@BreakSymbolIndentRight=\dimen148
\FV@BreakSymbolIndentRightNChars=\count279
\c@FancyVerbLineBreakLast=\count280
\FV@LineBox=\box55
\FV@LineIndentBox=\box56
\FV@LineWidth=\dimen149
) (f:/Installation folder/texlive/2022/texmf-dist/tex/latex/tools/calc.sty
Package: calc 2017/05/25 v4.3 Infix arithmetic (KKT,FJ)
\calc@Acount=\count281
\calc@Bcount=\count282
\calc@Adimen=\dimen150
\calc@Bdimen=\dimen151
\calc@Askip=\skip50
\calc@Bskip=\skip51
LaTeX Info: Redefining \setlength on input line 80.
LaTeX Info: Redefining \addtolength on input line 81.
\calc@Ccount=\count283
\calc@Cskip=\skip52
)
(f:/Installation folder/texlive/2022/texmf-dist/tex/latex/tools/shellesc.sty
Package: shellesc 2019/11/08 v1.0c unified shell escape interface for LaTeX
Package shellesc Info: Unrestricted shell escape enabled on input line 75.
)
(f:/Installation folder/texlive/2022/texmf-dist/tex/latex/ifplatform/ifplatform
.sty
Package: ifplatform 2017/10/13 v0.4a Testing for the operating system

(f:/Installation folder/texlive/2022/texmf-dist/tex/generic/pdftexcmds/pdftexcm
ds.sty
Package: pdftexcmds 2020-06-27 v0.33 Utility functions of pdfTeX for LuaTeX (HO
)

(f:/Installation folder/texlive/2022/texmf-dist/tex/generic/infwarerr/infwarerr
.sty
Package: infwarerr 2019/12/03 v1.5 Providing info/warning/error messages (HO)
)
(f:/Installation folder/texlive/2022/texmf-dist/tex/generic/iftex/iftex.sty
Package: iftex 2022/02/03 v1.0f TeX engine tests
)
Package pdftexcmds Info: \pdf@primitive is available.
Package pdftexcmds Info: \pdf@ifprimitive is available.
Package pdftexcmds Info: \pdfdraftmode found.
)
(f:/Installation folder/texlive/2022/texmf-dist/tex/generic/catchfile/catchfile
.sty
Package: catchfile 2019/12/09 v1.8 Catch the contents of a file (HO)

(f:/Installation folder/texlive/2022/texmf-dist/tex/generic/etexcmds/etexcmds.s
ty
Package: etexcmds 2019/12/15 v1.7 Avoid name clashes with e-TeX commands (HO)
))
(f:/Installation folder/texlive/2022/texmf-dist/tex/generic/iftex/ifluatex.sty
Package: ifluatex 2019/10/25 v1.5 ifluatex legacy package. Use iftex instead.
))
(f:/Installation folder/texlive/2022/texmf-dist/tex/generic/xstring/xstring.sty

(f:/Installation folder/texlive/2022/texmf-dist/tex/generic/xstring/xstring.tex
\integerpart=\count284
\decimalpart=\count285
)
Package: xstring 2021/07/21 v1.84 String manipulations (CT)
) (f:/Installation folder/texlive/2022/texmf-dist/tex/latex/framed/framed.sty
Package: framed 2011/10/22 v 0.96: framed or shaded text with page breaks
\OuterFrameSep=\skip53
\fb@frw=\dimen152
\fb@frh=\dimen153
\FrameRule=\dimen154
\FrameSep=\dimen155
) (f:/Installation folder/texlive/2022/texmf-dist/tex/latex/float/float.sty
Package: float 2001/11/08 v1.3d Float enhancements (AL)
\c@float@type=\count286
\float@exts=\toks20
\float@box=\box57
\@float@everytoks=\toks21
\@floatcapt=\box58
)
\minted@appexistsfile=\read3
\minted@bgbox=\box59
\minted@code=\write4
\c@minted@FancyVerbLineTemp=\count287
\c@minted@pygmentizecounter=\count288
\@float@every@listing=\toks22
\c@listing=\count289
)
runsystem(if not exist _minted-200042102_L2 mkdir _minted-200042102_L2)...execu
ted.


(f:/Installation folder/texlive/2022/texmf-dist/tex/latex/graphics/graphicx.sty
Package: graphicx 2021/09/16 v1.2d Enhanced LaTeX Graphics (DPC,SPQR)

(f:/Installation folder/texlive/2022/texmf-dist/tex/latex/graphics/graphics.sty
Package: graphics 2022/03/10 v1.4e Standard LaTeX Graphics (DPC,SPQR)
(f:/Installation folder/texlive/2022/texmf-dist/tex/latex/graphics/trig.sty
Package: trig 2021/08/11 v1.11 sin cos tan (DPC)
)
(f:/Installation folder/texlive/2022/texmf-dist/tex/latex/graphics-cfg/graphics
.cfg
File: graphics.cfg 2016/06/04 v1.11 sample graphics configuration
)
Package graphics Info: Driver file: pdftex.def on input line 107.

(f:/Installation folder/texlive/2022/texmf-dist/tex/latex/graphics-def/pdftex.d
ef
File: pdftex.def 2020/10/05 v1.2a Graphics/color driver for pdftex
))
\Gin@req@height=\dimen156
\Gin@req@width=\dimen157
)
(f:/Installation folder/texlive/2022/texmf-dist/tex/latex/xcolor/xcolor.sty
Package: xcolor 2022/06/12 v2.14 LaTeX color extensions (UK)

(f:/Installation folder/texlive/2022/texmf-dist/tex/latex/graphics-cfg/color.cf
g
File: color.cfg 2016/01/02 v1.6 sample color configuration
)
Package xcolor Info: Driver file: pdftex.def on input line 227.

(f:/Installation folder/texlive/2022/texmf-dist/tex/latex/graphics/mathcolor.lt
x)
Package xcolor Info: Model `cmy' substituted by `cmy0' on input line 1353.
Package xcolor Info: Model `hsb' substituted by `rgb' on input line 1357.
Package xcolor Info: Model `RGB' extended on input line 1369.
Package xcolor Info: Model `HTML' substituted by `rgb' on input line 1371.
Package xcolor Info: Model `Hsb' substituted by `hsb' on input line 1372.
Package xcolor Info: Model `tHsb' substituted by `hsb' on input line 1373.
Package xcolor Info: Model `HSB' substituted by `hsb' on input line 1374.
Package xcolor Info: Model `Gray' substituted by `gray' on input line 1375.
Package xcolor Info: Model `wave' substituted by `hsb' on input line 1376.
)
runsystem(for ^%i in (pygmentize.exe pygmentize.bat pygmentize.cmd) do set > 20
0042102_L2.aex <nul: /p x=^%~$PATH:i>> 200042102_L2.aex)...executed.

runsystem(del 200042102_L2.aex)...executed.


(f:/Installation folder/texlive/2022/texmf-dist/tex/latex/l3backend/l3backend-p
dftex.def
File: l3backend-pdftex.def 2022-08-05 L3 backend support: PDF output (pdfTeX)
\l__color_backend_stack_int=\count290
\l__pdf_internal_box=\box60
)

LaTeX Warning: Unused global option(s):
    [left,right].

(./200042102_L2.aux)
\openout1 = `200042102_L2.aux'.

LaTeX Font Info:    Checking defaults for OML/cmm/m/it on input line 10.
LaTeX Font Info:    ... okay on input line 10.
LaTeX Font Info:    Checking defaults for OMS/cmsy/m/n on input line 10.
LaTeX Font Info:    ... okay on input line 10.
LaTeX Font Info:    Checking defaults for OT1/cmr/m/n on input line 10.
LaTeX Font Info:    ... okay on input line 10.
LaTeX Font Info:    Checking defaults for T1/cmr/m/n on input line 10.
LaTeX Font Info:    ... okay on input line 10.
LaTeX Font Info:    Checking defaults for TS1/cmr/m/n on input line 10.
LaTeX Font Info:    ... okay on input line 10.
LaTeX Font Info:    Checking defaults for OMX/cmex/m/n on input line 10.
LaTeX Font Info:    ... okay on input line 10.
LaTeX Font Info:    Checking defaults for U/cmr/m/n on input line 10.
LaTeX Font Info:    ... okay on input line 10.

(f:/Installation folder/texlive/2022/texmf-dist/tex/context/base/mkii/supp-pdf.
mkii
[Loading MPS to PDF converter (version 2006.09.02).]
\scratchcounter=\count291
\scratchdimen=\dimen158
\scratchbox=\box61
\nofMPsegments=\count292
\nofMParguments=\count293
\everyMPshowfont=\toks23
\MPscratchCnt=\count294
\MPscratchDim=\dimen159
\MPnumerator=\count295
\makeMPintoPDFobject=\count296
\everyMPtoPDFconversion=\toks24
)
(f:/Installation folder/texlive/2022/texmf-dist/tex/latex/epstopdf-pkg/epstopdf
-base.sty
Package: epstopdf-base 2020-01-24 v2.11 Base part for package epstopdf
Package epstopdf-base Info: Redefining graphics rule for `.eps' on input line 4
85.

(f:/Installation folder/texlive/2022/texmf-dist/tex/latex/latexconfig/epstopdf-
sys.cfg
File: epstopdf-sys.cfg 2010/07/13 v1.3 Configuration of (r)epstopdf for TeX Liv
e
))
LaTeX Font Info:    External font `cmex10' loaded for size
(Font)              <14.4> on input line 12.
LaTeX Font Info:    External font `cmex10' loaded for size
(Font)              <7> on input line 12.
\openout3 = `200042102_L2.pyg'.

 (./_minted-200042102_L2/default.pygstyle)
(./_minted-200042102_L2/D75957209CA1795C7367DFF23371F7111DAD82797FDA336BEA0C14B
CA579D781.pygtex
Underfull \hbox (badness 10000) in paragraph at lines 17--1

 []


Underfull \hbox (badness 10000) in paragraph at lines 17--1

 []

LaTeX Font Info:    Font shape `OT1/cmtt/bx/n' in size <12> not available
(Font)              Font shape `OT1/cmtt/m/n' tried instead on input line 2.
)
Underfull \hbox (badness 10000) in paragraph at lines 24--27

 []

[1

{f:/Installation folder/texlive/2022/texmf-var/fonts/map/pdftex/updmap/pdftex.m
ap}]
\openout3 = `200042102_L2.pyg'.


(./_minted-200042102_L2/263E0F5E4BED70A5D33AE8D6315993C41DAD82797FDA336BEA0C14B
CA579D781.pygtex
Underfull \hbox (badness 10000) in paragraph at lines 36--1

 []


Underfull \hbox (badness 10000) in paragraph at lines 36--1

 []

)
\openout3 = `200042102_L2.pyg'.


(./_minted-200042102_L2/AB5CF43C80C7CC4677000383418051FC1DAD82797FDA336BEA0C14B
CA579D781.pygtex
Underfull \hbox (badness 10000) in paragraph at lines 49--1

 []

[2])
Underfull \hbox (badness 10000) in paragraph at lines 68--71

 []

<Screenshot 2022-09-03 220456.jpg, id=15, 502.12593pt x 188.95593pt>
File: Screenshot 2022-09-03 220456.jpg Graphic file (type jpg)
<use Screenshot 2022-09-03 220456.jpg>
Package pdftex.def Info: Screenshot 2022-09-03 220456.jpg  used on input line 7
8.
(pdftex.def)             Requested size: 390.0pt x 146.768pt.

Underfull \hbox (badness 10000) in paragraph at lines 75--81

 []

\openout3 = `200042102_L2.pyg'.


(./_minted-200042102_L2/4F1053E5D101CC20153EF2A266600FAE1DAD82797FDA336BEA0C14B
CA579D781.pygtex)
\openout3 = `200042102_L2.pyg'.


(./_minted-200042102_L2/8EB5261B8EFE1A58CB75C294E1C6D9FB1DAD82797FDA336BEA0C14B
CA579D781.pygtex [3 <./Screenshot 2022-09-03 220456.jpg>])
\openout3 = `200042102_L2.pyg'.


(./_minted-200042102_L2/A6BA055FE4B8D96FC8A7CC3E48B596131DAD82797FDA336BEA0C14B
CA579D781.pygtex)
\openout3 = `200042102_L2.pyg'.


(./_minted-200042102_L2/CDC16CC2EAD47BF3E0B7BB2D62DDF6991DAD82797FDA336BEA0C14B
CA579D781.pygtex)
\openout3 = `200042102_L2.pyg'.


(./_minted-200042102_L2/3A84319C7F57AED64CD24AECE53494881DAD82797FDA336BEA0C14B
CA579D781.pygtex)
\openout3 = `200042102_L2.pyg'.


(./_minted-200042102_L2/7EE258B4B6434708327FD45FD0919CB31DAD82797FDA336BEA0C14B
CA579D781.pygtex)
\openout3 = `200042102_L2.pyg'.

runsystem(pygmentize -l SQL -f latex -P commandprefix=PYG -F tokenmerge -P stri
pnl=False -o _minted-200042102_L2/5DC2A9EC1D22B6C12C233AE25AFBD2EE1DAD82797FDA3
36BEA0C14BCA579D781.pygtex 200042102_L2.pyg)...executed.


(./_minted-200042102_L2/5DC2A9EC1D22B6C12C233AE25AFBD2EE1DAD82797FDA336BEA0C14B
CA579D781.pygtex)
\openout3 = `200042102_L2.pyg'.


(./_minted-200042102_L2/6DAA51865C6B5A8CF32798C74C4C62B41DAD82797FDA336BEA0C14B
CA579D781.pygtex)
Underfull \hbox (badness 10000) in paragraph at lines 130--133

 []

runsystem(del _minted-200042102_L2\B313E35026FA10098BB613B55630CEE21DAD82797FDA
336BEA0C14BCA579D781.pygtex)...executed.

[4] [5] (./200042102_L2.aux)
runsystem(del 200042102_L2.pyg)...executed.

 ) 
Here is how much of TeX's memory you used:
 5840 strings out of 478792
 117664 string characters out of 5847088
 456628 words of memory out of 5000000
 24362 multiletter control sequences out of 15000+600000
 473213 words of font info for 41 fonts, out of 8000000 for 9000
 430 hyphenation exceptions out of 8191
 74i,7n,77p,427b,501s stack positions out of 10000i,1000n,20000p,200000b,200000s
{f:/Installation folder/texlive/2022/texmf-dist/fonts/enc/dvips/cm-super/cm-s
uper-ts1.enc}<f:/Installation folder/texlive/2022/texmf-dist/fonts/type1/public
/amsfonts/cm/cmbx12.pfb><f:/Installation folder/texlive/2022/texmf-dist/fonts/t
ype1/public/amsfonts/cm/cmbxti10.pfb><f:/Installation folder/texlive/2022/texmf
-dist/fonts/type1/public/amsfonts/cm/cmr12.pfb><f:/Installation folder/texlive/
2022/texmf-dist/fonts/type1/public/amsfonts/cm/cmr17.pfb><f:/Installation folde
r/texlive/2022/texmf-dist/fonts/type1/public/amsfonts/cm/cmtt12.pfb><f:/Install
ation folder/texlive/2022/texmf-dist/fonts/type1/public/cm-super/sfrm1200.pfb>
Output written on 200042102_L2.pdf (5 pages, 152122 bytes).
PDF statistics:
 52 PDF objects out of 1000 (max. 8388607)
 31 compressed objects within 1 object stream
 0 named destinations out of 1000 (max. 500000)
 6 words of extra memory for PDF output out of 10000 (max. 10000000)

